# JRE version: OpenJDK Runtime Environment (25.0+36) (build 25+36-3489)
# Java VM: OpenJDK 64-Bit Server VM (25+36-3489, mixed mode, emulated-client, sharing, tiered, compressed oops, compressed class ptrs, g1 gc, windows-amd64)
GC Precious Log:
 CardTable entry size: 512
 Card Set container configuration: InlinePtr #cards 5 size 8 Array Of Cards #cards 10 size 36 Howl #buckets 4 coarsen threshold 1843 Howl Bitmap #cards 512 size 80 coarsen threshold 460 Card regions per heap region 1 cards per card region 2048
 CPUs: 4 total, 4 available
 Memory: 7930M
 Large Page Support: Disabled
 NUMA Support: Disabled
 Compressed Oops: Enabled (32-bit)
 Heap Region Size: 1M
 Heap Min Capacity: 8M
 Heap Initial Capacity: 124M
 Heap Max Capacity: 1984M
 Pre-touch: Disabled
 Parallel Workers: 4
 Concurrent Workers: 1
 Concurrent Refinement Workers: 4
 Periodic GC: Disabled
Heap:
 garbage-first heap   total reserved 2031616K, committed 70656K, used 34473K [0x0000000084000000, 0x0000000100000000)
  region size 1024K, 6 young (6144K), 2 survivors (2048K)
GC Heap Usage History (20 events):
Event: 4.263 {heap Before GC invocations=1 (full 0):
 garbage-first heap   total reserved 2031616K, committed 129024K, used 58899K [0x0000000084000000, 0x0000000100000000)
  region size 1024K, 53 young (54272K), 4 survivors (4096K)
}
Event: 4.275 {heap After GC invocations=2 (full 0):
 garbage-first heap   total reserved 2031616K, committed 129024K, used 13170K [0x0000000084000000, 0x0000000100000000)
  region size 1024K, 4 young (4096K), 4 survivors (4096K)
}
Event: 5.356 {heap Before GC invocations=2 (full 0):
 garbage-first heap   total reserved 2031616K, committed 129024K, used 38770K [0x0000000084000000, 0x0000000100000000)
  region size 1024K, 30 young (30720K), 4 survivors (4096K)
}
Event: 5.366 {heap After GC invocations=3 (full 0):
 garbage-first heap   total reserved 2031616K, committed 129024K, used 15929K [0x0000000084000000, 0x0000000100000000)
  region size 1024K, 6 young (6144K), 6 survivors (6144K)
}
Event: 6.703 {heap Before GC invocations=4 (full 0):
 garbage-first heap   total reserved 2031616K, committed 58368K, used 43577K [0x0000000084000000, 0x0000000100000000)
  region size 1024K, 34 young (34816K), 6 survivors (6144K)
}
Event: 6.718 {heap After GC invocations=5 (full 0):
 garbage-first heap   total reserved 2031616K, committed 58368K, used 17977K [0x0000000084000000, 0x0000000100000000)
  region size 1024K, 5 young (5120K), 5 survivors (5120K)
}
Event: 7.539 {heap Before GC invocations=5 (full 0):
 garbage-first heap   total reserved 2031616K, committed 58368K, used 42553K [0x0000000084000000, 0x0000000100000000)
  region size 1024K, 29 young (29696K), 5 survivors (5120K)
}
Event: 7.556 {heap After GC invocations=6 (full 0):
 garbage-first heap   total reserved 2031616K, committed 58368K, used 20973K [0x0000000084000000, 0x0000000100000000)
  region size 1024K, 3 young (3072K), 3 survivors (3072K)
}
Event: 8.406 {heap Before GC invocations=6 (full 0):
 garbage-first heap   total reserved 2031616K, committed 58368K, used 44525K [0x0000000084000000, 0x0000000100000000)
  region size 1024K, 26 young (26624K), 3 survivors (3072K)
}
Event: 8.415 {heap After GC invocations=7 (full 0):
 garbage-first heap   total reserved 2031616K, committed 58368K, used 21953K [0x0000000084000000, 0x0000000100000000)
  region size 1024K, 2 young (2048K), 2 survivors (2048K)
}
Event: 8.562 {heap Before GC invocations=7 (full 0):
 garbage-first heap   total reserved 2031616K, committed 58368K, used 25025K [0x0000000084000000, 0x0000000100000000)
  region size 1024K, 6 young (6144K), 2 survivors (2048K)
}
Event: 8.566 {heap After GC invocations=8 (full 0):
 garbage-first heap   total reserved 2031616K, committed 58368K, used 22122K [0x0000000084000000, 0x0000000100000000)
  region size 1024K, 2 young (2048K), 2 survivors (2048K)
}
Event: 9.900 {heap Before GC invocations=9 (full 0):
 garbage-first heap   total reserved 2031616K, committed 58368K, used 46698K [0x0000000084000000, 0x0000000100000000)
  region size 1024K, 27 young (27648K), 2 survivors (2048K)
}
Event: 9.907 {heap After GC invocations=10 (full 0):
 garbage-first heap   total reserved 2031616K, committed 58368K, used 24739K [0x0000000084000000, 0x0000000100000000)
  region size 1024K, 4 young (4096K), 4 survivors (4096K)
}
Event: 10.763 {heap Before GC invocations=10 (full 0):
 garbage-first heap   total reserved 2031616K, committed 58368K, used 48291K [0x0000000084000000, 0x0000000100000000)
  region size 1024K, 28 young (28672K), 4 survivors (4096K)
}
Event: 10.772 {heap After GC invocations=11 (full 0):
 garbage-first heap   total reserved 2031616K, committed 58368K, used 26896K [0x0000000084000000, 0x0000000100000000)
  region size 1024K, 3 young (3072K), 3 survivors (3072K)
}
Event: 11.447 {heap Before GC invocations=11 (full 0):
 garbage-first heap   total reserved 2031616K, committed 58368K, used 50448K [0x0000000084000000, 0x0000000100000000)
  region size 1024K, 26 young (26624K), 3 survivors (3072K)
}
Event: 11.463 {heap After GC invocations=12 (full 0):
 garbage-first heap   total reserved 2031616K, committed 70656K, used 29391K [0x0000000084000000, 0x0000000100000000)
  region size 1024K, 3 young (3072K), 3 survivors (3072K)
}
Event: 627.092 {heap Before GC invocations=12 (full 0):
 garbage-first heap   total reserved 2031616K, committed 70656K, used 60111K [0x0000000084000000, 0x0000000100000000)
  region size 1024K, 33 young (33792K), 3 survivors (3072K)
}
Event: 627.122 {heap After GC invocations=13 (full 0):
 garbage-first heap   total reserved 2031616K, committed 70656K, used 31401K [0x0000000084000000, 0x0000000100000000)
  region size 1024K, 2 young (2048K), 2 survivors (2048K)
}

