# JRE version: OpenJDK Runtime Environment (25.0+36) (build 25+36-3489)
# Java VM: OpenJDK 64-Bit Server VM (25+36-3489, mixed mode, emulated-client, sharing, tiered, compressed oops, compressed class ptrs, g1 gc, windows-amd64)
GC Precious Log:
 CardTable entry size: 512
 Card Set container configuration: InlinePtr #cards 5 size 8 Array Of Cards #cards 10 size 36 Howl #buckets 4 coarsen threshold 1843 Howl Bitmap #cards 512 size 80 coarsen threshold 460 Card regions per heap region 1 cards per card region 2048
 CPUs: 4 total, 4 available
 Memory: 7930M
 Large Page Support: Disabled
 NUMA Support: Disabled
 Compressed Oops: Enabled (32-bit)
 Heap Region Size: 1M
 Heap Min Capacity: 8M
 Heap Initial Capacity: 124M
 Heap Max Capacity: 1984M
 Pre-touch: Disabled
 Parallel Workers: 4
 Concurrent Workers: 1
 Concurrent Refinement Workers: 4
 Periodic GC: Disabled
Heap:
 garbage-first heap   total reserved 2031616K, committed 61440K, used 48450K [0x0000000084000000, 0x0000000100000000)
  region size 1024K, 24 young (24576K), 4 survivors (4096K)
GC Heap Usage History (20 events):
Event: 2.637 {heap Before GC invocations=0 (full 0):
 garbage-first heap   total reserved 2031616K, committed 129024K, used 31891K [0x0000000084000000, 0x0000000100000000)
  region size 1024K, 28 young (28672K), 0 survivors (0K)
}
Event: 2.648 {heap After GC invocations=1 (full 0):
 garbage-first heap   total reserved 2031616K, committed 129024K, used 9771K [0x0000000084000000, 0x0000000100000000)
  region size 1024K, 4 young (4096K), 4 survivors (4096K)
}
Event: 5.833 {heap Before GC invocations=1 (full 0):
 garbage-first heap   total reserved 2031616K, committed 129024K, used 58923K [0x0000000084000000, 0x0000000100000000)
  region size 1024K, 53 young (54272K), 4 survivors (4096K)
}
Event: 5.853 {heap After GC invocations=2 (full 0):
 garbage-first heap   total reserved 2031616K, committed 129024K, used 13519K [0x0000000084000000, 0x0000000100000000)
  region size 1024K, 4 young (4096K), 4 survivors (4096K)
}
Event: 7.174 {heap Before GC invocations=2 (full 0):
 garbage-first heap   total reserved 2031616K, committed 129024K, used 41167K [0x0000000084000000, 0x0000000100000000)
  region size 1024K, 32 young (32768K), 4 survivors (4096K)
}
Event: 7.182 {heap After GC invocations=3 (full 0):
 garbage-first heap   total reserved 2031616K, committed 129024K, used 16462K [0x0000000084000000, 0x0000000100000000)
  region size 1024K, 7 young (7168K), 7 survivors (7168K)
}
Event: 8.959 {heap Before GC invocations=4 (full 0):
 garbage-first heap   total reserved 2031616K, committed 61440K, used 46158K [0x0000000084000000, 0x0000000100000000)
  region size 1024K, 36 young (36864K), 7 survivors (7168K)
}
Event: 8.974 {heap After GC invocations=5 (full 0):
 garbage-first heap   total reserved 2031616K, committed 61440K, used 18838K [0x0000000084000000, 0x0000000100000000)
  region size 1024K, 3 young (3072K), 3 survivors (3072K)
}
Event: 10.056 {heap Before GC invocations=5 (full 0):
 garbage-first heap   total reserved 2031616K, committed 61440K, used 44438K [0x0000000084000000, 0x0000000100000000)
  region size 1024K, 28 young (28672K), 3 survivors (3072K)
}
Event: 10.063 {heap After GC invocations=6 (full 0):
 garbage-first heap   total reserved 2031616K, committed 61440K, used 20881K [0x0000000084000000, 0x0000000100000000)
  region size 1024K, 3 young (3072K), 3 survivors (3072K)
}
Event: 13.498 {heap Before GC invocations=6 (full 0):
 garbage-first heap   total reserved 2031616K, committed 61440K, used 45457K [0x0000000084000000, 0x0000000100000000)
  region size 1024K, 28 young (28672K), 3 survivors (3072K)
}
Event: 13.510 {heap After GC invocations=7 (full 0):
 garbage-first heap   total reserved 2031616K, committed 61440K, used 22802K [0x0000000084000000, 0x0000000100000000)
  region size 1024K, 2 young (2048K), 2 survivors (2048K)
}
Event: 13.710 {heap Before GC invocations=7 (full 0):
 garbage-first heap   total reserved 2031616K, committed 61440K, used 23826K [0x0000000084000000, 0x0000000100000000)
  region size 1024K, 4 young (4096K), 2 survivors (2048K)
}
Event: 13.715 {heap After GC invocations=8 (full 0):
 garbage-first heap   total reserved 2031616K, committed 61440K, used 22796K [0x0000000084000000, 0x0000000100000000)
  region size 1024K, 2 young (2048K), 2 survivors (2048K)
}
Event: 16.724 {heap Before GC invocations=9 (full 0):
 garbage-first heap   total reserved 2031616K, committed 61440K, used 49420K [0x0000000084000000, 0x0000000100000000)
  region size 1024K, 29 young (29696K), 2 survivors (2048K)
}
Event: 16.732 {heap After GC invocations=10 (full 0):
 garbage-first heap   total reserved 2031616K, committed 61440K, used 25395K [0x0000000084000000, 0x0000000100000000)
  region size 1024K, 4 young (4096K), 4 survivors (4096K)
}
Event: 18.376 {heap Before GC invocations=10 (full 0):
 garbage-first heap   total reserved 2031616K, committed 61440K, used 49971K [0x0000000084000000, 0x0000000100000000)
  region size 1024K, 29 young (29696K), 4 survivors (4096K)
}
Event: 18.388 {heap After GC invocations=11 (full 0):
 garbage-first heap   total reserved 2031616K, committed 61440K, used 27484K [0x0000000084000000, 0x0000000100000000)
  region size 1024K, 3 young (3072K), 3 survivors (3072K)
}
Event: 19.580 {heap Before GC invocations=11 (full 0):
 garbage-first heap   total reserved 2031616K, committed 61440K, used 52060K [0x0000000084000000, 0x0000000100000000)
  region size 1024K, 27 young (27648K), 3 survivors (3072K)
}
Event: 19.590 {heap After GC invocations=12 (full 0):
 garbage-first heap   total reserved 2031616K, committed 61440K, used 30018K [0x0000000084000000, 0x0000000100000000)
  region size 1024K, 4 young (4096K), 4 survivors (4096K)
}

